Raw Error: [errno 400 client error: bad request for url: https://www.googleapis.com/identitytoolkit/v3/relyingparty/verifypassword?key=aizasybfrhkyt9gg1e393dbakio9go9jw04kiwq] {
  "error": {
    "code": 400,
    "message": "invalid_login_credentials",
    "errors": [
      {
        "message": "invalid_login_credentials",
        "domain": "global",
        "reason": "invalid"
      }
    ]
  }
}

Raw Error: [errno 400 client error: bad request for url: https://www.googleapis.com/identitytoolkit/v3/relyingparty/verifypassword?key=aizasybfrhkyt9gg1e393dbakio9go9jw04kiwq] {
  "error": {
    "code": 400,
    "message": "invalid_login_credentials",
    "errors": [
      {
        "message": "invalid_login_credentials",
        "domain": "global",
        "reason": "invalid"
      }
    ]
  }
}

Raw Error: [errno 400 client error: bad request for url: https://www.googleapis.com/identitytoolkit/v3/relyingparty/verifypassword?key=aizasybfrhkyt9gg1e393dbakio9go9jw04kiwq] {
  "error": {
    "code": 400,
    "message": "invalid_login_credentials",
    "errors": [
      {
        "message": "invalid_login_credentials",
        "domain": "global",
        "reason": "invalid"
      }
    ]
  }
}

Raw Error: [errno 400 client error: bad request for url: https://www.googleapis.com/identitytoolkit/v3/relyingparty/verifypassword?key=aizasybfrhkyt9gg1e393dbakio9go9jw04kiwq] {
  "error": {
    "code": 400,
    "message": "invalid_login_credentials",
    "errors": [
      {
        "message": "invalid_login_credentials",
        "domain": "global",
        "reason": "invalid"
      }
    ]
  }
}

